<?xml version="1.0" encoding="UTF-8"?>
<!-- Generated by org.testng.reporters.JUnitReportReporter -->
<testsuite hostname="noraldin-azam" failures="0" tests="1" name="FirstScript.testNGDemo" time="7.553" errors="0" timestamp="2024-12-09T11:14:47 EET" skipped="0">
  <testcase classname="FirstScript.testNGDemo" name="firstTestCase" time="7.553"/>
</testsuite> <!-- FirstScript.testNGDemo -->
