<?xml version="1.0" encoding="UTF-8"?>
<!-- Generated by org.testng.reporters.JUnitReportReporter -->
<testsuite hostname="noraldin-azam" failures="0" tests="3" name="FirstScript.testNGDemo" time="11.116" errors="0" timestamp="2024-12-06T13:54:31 EET" skipped="0">
  <testcase classname="FirstScript.testNGDemo" name="fiilingTheFormOfRegistration" time="4.512"/>
  <testcase classname="FirstScript.testNGDemo" name="deleteTheCreatedAcount" time="2.564"/>
  <testcase classname="FirstScript.testNGDemo" name="firstTcInputToContinueRegistrationFormByEnterNameAndEmail" time="4.040"/>
</testsuite> <!-- FirstScript.testNGDemo -->
